mode: atomic
github.com/devops-user/GCP-URL-Shortener-GKE/app/main.go:73.13,78.2 3 1
github.com/devops-user/GCP-URL-Shortener-GKE/app/main.go:80.13,84.45 3 1
github.com/devops-user/GCP-URL-Shortener-GKE/app/main.go:84.45,86.3 1 0
github.com/devops-user/GCP-URL-Shortener-GKE/app/main.go:86.8,88.3 1 1
github.com/devops-user/GCP-URL-Shortener-GKE/app/main.go:89.2,127.79 14 1
github.com/devops-user/GCP-URL-Shortener-GKE/app/main.go:127.79,130.3 2 0
github.com/devops-user/GCP-URL-Shortener-GKE/app/main.go:134.45,143.23 2 3
github.com/devops-user/GCP-URL-Shortener-GKE/app/main.go:143.23,145.3 1 1
github.com/devops-user/GCP-URL-Shortener-GKE/app/main.go:146.2,146.23 1 3
github.com/devops-user/GCP-URL-Shortener-GKE/app/main.go:146.23,149.43 2 2
github.com/devops-user/GCP-URL-Shortener-GKE/app/main.go:149.43,151.4 1 0
github.com/devops-user/GCP-URL-Shortener-GKE/app/main.go:153.2,153.29 1 3
github.com/devops-user/GCP-URL-Shortener-GKE/app/main.go:153.29,155.3 1 2
github.com/devops-user/GCP-URL-Shortener-GKE/app/main.go:158.2,158.73 1 3
github.com/devops-user/GCP-URL-Shortener-GKE/app/main.go:158.73,164.17 5 1
github.com/devops-user/GCP-URL-Shortener-GKE/app/main.go:164.17,166.4 1 0
github.com/devops-user/GCP-URL-Shortener-GKE/app/main.go:166.9,171.18 5 1
github.com/devops-user/GCP-URL-Shortener-GKE/app/main.go:171.18,173.5 1 0
github.com/devops-user/GCP-URL-Shortener-GKE/app/main.go:173.10,176.5 2 1
github.com/devops-user/GCP-URL-Shortener-GKE/app/main.go:181.2,181.30 1 3
github.com/devops-user/GCP-URL-Shortener-GKE/app/main.go:181.30,183.31 2 2
github.com/devops-user/GCP-URL-Shortener-GKE/app/main.go:183.31,185.4 1 0
github.com/devops-user/GCP-URL-Shortener-GKE/app/main.go:185.9,187.4 1 2
github.com/devops-user/GCP-URL-Shortener-GKE/app/main.go:190.2,190.15 1 3
github.com/devops-user/GCP-URL-Shortener-GKE/app/main.go:194.66,195.71 1 2
github.com/devops-user/GCP-URL-Shortener-GKE/app/main.go:195.71,224.3 11 2
github.com/devops-user/GCP-URL-Shortener-GKE/app/main.go:233.48,236.2 2 2
github.com/devops-user/GCP-URL-Shortener-GKE/app/main.go:239.60,243.2 3 2
github.com/devops-user/GCP-URL-Shortener-GKE/app/main.go:246.78,248.61 2 5
github.com/devops-user/GCP-URL-Shortener-GKE/app/main.go:248.61,252.3 3 1
github.com/devops-user/GCP-URL-Shortener-GKE/app/main.go:255.2,256.101 2 4
github.com/devops-user/GCP-URL-Shortener-GKE/app/main.go:256.101,260.3 3 2
github.com/devops-user/GCP-URL-Shortener-GKE/app/main.go:263.2,264.16 2 2
github.com/devops-user/GCP-URL-Shortener-GKE/app/main.go:264.16,268.3 3 0
github.com/devops-user/GCP-URL-Shortener-GKE/app/main.go:270.2,275.18 5 2
github.com/devops-user/GCP-URL-Shortener-GKE/app/main.go:275.18,277.3 1 0
github.com/devops-user/GCP-URL-Shortener-GKE/app/main.go:279.2,286.4 4 2
github.com/devops-user/GCP-URL-Shortener-GKE/app/main.go:290.79,298.13 5 2
github.com/devops-user/GCP-URL-Shortener-GKE/app/main.go:298.13,302.3 3 1
github.com/devops-user/GCP-URL-Shortener-GKE/app/main.go:305.2,309.48 2 1
github.com/devops-user/GCP-URL-Shortener-GKE/app/main.go:313.53,316.19 3 3
github.com/devops-user/GCP-URL-Shortener-GKE/app/main.go:316.19,318.17 2 18
github.com/devops-user/GCP-URL-Shortener-GKE/app/main.go:318.17,320.4 1 0
github.com/devops-user/GCP-URL-Shortener-GKE/app/main.go:321.3,321.30 1 18
github.com/devops-user/GCP-URL-Shortener-GKE/app/main.go:323.2,323.23 1 3
